2026-03-04 10:39:49: ▲ Next.js 16.1.6
2026-03-04 10:39:49: - Local:         http://localhost:3000
2026-03-04 10:39:49: - Network:       http://100.101.241.108:3000
2026-03-04 10:39:49: 
2026-03-04 10:39:49: ✓ Starting...
2026-03-04 10:39:50: ✓ Ready in 462ms
2026-03-04 10:49:04: ▲ Next.js 16.1.6
2026-03-04 10:49:04: - Local:         http://localhost:3000
2026-03-04 10:49:04: - Network:       http://100.101.241.108:3000
2026-03-04 10:49:04: 
2026-03-04 10:49:04: ✓ Starting...
2026-03-04 10:49:04: 
2026-03-04 10:49:04: Installing devDependencies (npm):
2026-03-04 10:49:04: - typescript
2026-03-04 10:49:04: 
2026-03-04 10:49:05: ▲ Next.js 16.1.6
2026-03-04 10:49:05: - Local:         http://localhost:3000
2026-03-04 10:49:05: - Network:       http://100.101.241.108:3000
2026-03-04 10:49:05: 
2026-03-04 10:49:05: ✓ Starting...
2026-03-04 10:49:05: 
2026-03-04 10:49:05: Installing devDependencies (npm):
2026-03-04 10:49:05: - typescript
2026-03-04 10:49:05: 
2026-03-04 10:49:07: ▲ Next.js 16.1.6
2026-03-04 10:49:07: - Local:         http://localhost:3000
2026-03-04 10:49:07: - Network:       http://100.101.241.108:3000
2026-03-04 10:49:07: 
2026-03-04 10:49:07: ✓ Starting...
2026-03-04 10:49:07: 
2026-03-04 10:49:07: Installing devDependencies (npm):
2026-03-04 10:49:07: - typescript
2026-03-04 10:49:07: 
2026-03-04 10:49:08: ▲ Next.js 16.1.6
2026-03-04 10:49:08: - Local:         http://localhost:3000
2026-03-04 10:49:08: - Network:       http://100.101.241.108:3000
2026-03-04 10:49:08: 
2026-03-04 10:49:08: ✓ Starting...
2026-03-04 10:49:08: 
2026-03-04 10:49:08: Installing devDependencies (npm):
2026-03-04 10:49:08: - typescript
2026-03-04 10:49:08: 
2026-03-04 10:49:09: ▲ Next.js 16.1.6
2026-03-04 10:49:09: - Local:         http://localhost:3000
2026-03-04 10:49:09: - Network:       http://100.101.241.108:3000
2026-03-04 10:49:09: 
2026-03-04 10:49:09: ✓ Starting...
2026-03-04 10:49:09: 
2026-03-04 10:49:09: Installing devDependencies (npm):
2026-03-04 10:49:09: - typescript
2026-03-04 10:49:09: 
2026-03-04 10:49:10: ▲ Next.js 16.1.6
2026-03-04 10:49:10: - Local:         http://localhost:3000
2026-03-04 10:49:10: - Network:       http://100.101.241.108:3000
2026-03-04 10:49:10: 
2026-03-04 10:49:10: ✓ Starting...
2026-03-04 10:49:10: 
2026-03-04 10:49:10: Installing devDependencies (npm):
2026-03-04 10:49:10: - typescript
2026-03-04 10:49:10: 
2026-03-04 10:49:11: ▲ Next.js 16.1.6
2026-03-04 10:49:11: - Local:         http://localhost:3000
2026-03-04 10:49:11: - Network:       http://100.101.241.108:3000
2026-03-04 10:49:11: 
2026-03-04 10:49:11: ✓ Starting...
2026-03-04 10:49:11: 
2026-03-04 10:49:11: Installing devDependencies (npm):
2026-03-04 10:49:11: - typescript
2026-03-04 10:49:11: 
2026-03-04 10:49:12: ▲ Next.js 16.1.6
2026-03-04 10:49:12: - Local:         http://localhost:3000
2026-03-04 10:49:12: - Network:       http://100.101.241.108:3000
2026-03-04 10:49:12: 
2026-03-04 10:49:12: ✓ Starting...
2026-03-04 10:49:12: 
2026-03-04 10:49:12: Installing devDependencies (npm):
2026-03-04 10:49:12: - typescript
2026-03-04 10:49:12: 
2026-03-04 10:49:13: ▲ Next.js 16.1.6
2026-03-04 10:49:13: - Local:         http://localhost:3000
2026-03-04 10:49:13: - Network:       http://100.101.241.108:3000
2026-03-04 10:49:13: 
2026-03-04 10:49:13: ✓ Starting...
2026-03-04 10:49:13: 
2026-03-04 10:49:13: Installing devDependencies (npm):
2026-03-04 10:49:13: - typescript
2026-03-04 10:49:13: 
2026-03-04 10:49:15: ▲ Next.js 16.1.6
2026-03-04 10:49:15: - Local:         http://localhost:3000
2026-03-04 10:49:15: - Network:       http://100.101.241.108:3000
2026-03-04 10:49:15: 
2026-03-04 10:49:15: ✓ Starting...
2026-03-04 10:49:15: 
2026-03-04 10:49:15: Installing devDependencies (npm):
2026-03-04 10:49:15: - typescript
2026-03-04 10:49:15: 
2026-03-04 10:49:16: ▲ Next.js 16.1.6
2026-03-04 10:49:16: - Local:         http://localhost:3000
2026-03-04 10:49:16: - Network:       http://100.101.241.108:3000
2026-03-04 10:49:16: 
2026-03-04 10:49:16: ✓ Starting...
2026-03-04 10:49:16: 
2026-03-04 10:49:16: Installing devDependencies (npm):
2026-03-04 10:49:16: - typescript
2026-03-04 10:49:16: 
2026-03-04 10:49:17: ▲ Next.js 16.1.6
2026-03-04 10:49:17: - Local:         http://localhost:3000
2026-03-04 10:49:17: - Network:       http://100.101.241.108:3000
2026-03-04 10:49:17: 
2026-03-04 10:49:17: ✓ Starting...
2026-03-04 10:49:17: 
2026-03-04 10:49:17: Installing devDependencies (npm):
2026-03-04 10:49:17: - typescript
2026-03-04 10:49:17: 
2026-03-04 10:49:18: ▲ Next.js 16.1.6
2026-03-04 10:49:18: - Local:         http://localhost:3000
2026-03-04 10:49:18: - Network:       http://100.101.241.108:3000
2026-03-04 10:49:18: 
2026-03-04 10:49:18: ✓ Starting...
2026-03-04 10:49:18: 
2026-03-04 10:49:18: Installing devDependencies (npm):
2026-03-04 10:49:18: - typescript
2026-03-04 10:49:18: 
2026-03-04 10:49:19: ▲ Next.js 16.1.6
2026-03-04 10:49:19: - Local:         http://localhost:3000
2026-03-04 10:49:19: - Network:       http://100.101.241.108:3000
2026-03-04 10:49:19: 
2026-03-04 10:49:19: ✓ Starting...
2026-03-04 10:49:19: 
2026-03-04 10:49:19: Installing devDependencies (npm):
2026-03-04 10:49:19: - typescript
2026-03-04 10:49:19: 
2026-03-04 10:49:20: ▲ Next.js 16.1.6
2026-03-04 10:49:20: - Local:         http://localhost:3000
2026-03-04 10:49:20: - Network:       http://100.101.241.108:3000
2026-03-04 10:49:20: 
2026-03-04 10:49:20: ✓ Starting...
2026-03-04 10:49:20: 
2026-03-04 10:49:20: Installing devDependencies (npm):
2026-03-04 10:49:20: - typescript
2026-03-04 10:49:20: 
2026-03-04 10:49:21: ▲ Next.js 16.1.6
2026-03-04 10:49:21: - Local:         http://localhost:3000
2026-03-04 10:49:21: - Network:       http://100.101.241.108:3000
2026-03-04 10:49:21: 
2026-03-04 10:49:21: ✓ Starting...
2026-03-04 10:49:21: 
2026-03-04 10:49:21: Installing devDependencies (npm):
2026-03-04 10:49:21: - typescript
2026-03-04 10:49:21: 
2026-03-04 10:49:22: ▲ Next.js 16.1.6
2026-03-04 10:49:22: - Local:         http://localhost:3000
2026-03-04 10:49:22: - Network:       http://100.101.241.108:3000
2026-03-04 10:49:22: 
2026-03-04 10:49:22: ✓ Starting...
2026-03-04 10:49:22: 
2026-03-04 10:49:22: Installing devDependencies (npm):
2026-03-04 10:49:22: - typescript
2026-03-04 10:49:22: 
2026-03-04 10:49:24: ▲ Next.js 16.1.6
2026-03-04 10:49:24: - Local:         http://localhost:3000
2026-03-04 10:49:24: - Network:       http://100.101.241.108:3000
2026-03-04 10:49:24: 
2026-03-04 10:49:24: ✓ Starting...
2026-03-04 10:49:24: 
2026-03-04 10:49:24: Installing devDependencies (npm):
2026-03-04 10:49:24: - typescript
2026-03-04 10:49:24: 
2026-03-04 10:49:25: ▲ Next.js 16.1.6
2026-03-04 10:49:25: - Local:         http://localhost:3000
2026-03-04 10:49:25: - Network:       http://100.101.241.108:3000
2026-03-04 10:49:25: 
2026-03-04 10:49:25: ✓ Starting...
2026-03-04 10:49:25: 
2026-03-04 10:49:25: Installing devDependencies (npm):
2026-03-04 10:49:25: - typescript
2026-03-04 10:49:25: 
2026-03-04 10:49:26: ▲ Next.js 16.1.6
2026-03-04 10:49:26: - Local:         http://localhost:3000
2026-03-04 10:49:26: - Network:       http://100.101.241.108:3000
2026-03-04 10:49:26: 
2026-03-04 10:49:26: ✓ Starting...
2026-03-04 10:49:26: 
2026-03-04 10:49:26: Installing devDependencies (npm):
2026-03-04 10:49:26: - typescript
2026-03-04 10:49:26: 
2026-03-04 10:49:27: ▲ Next.js 16.1.6
2026-03-04 10:49:27: - Local:         http://localhost:3000
2026-03-04 10:49:27: - Network:       http://100.101.241.108:3000
2026-03-04 10:49:27: 
2026-03-04 10:49:27: ✓ Starting...
2026-03-04 10:49:27: 
2026-03-04 10:49:27: Installing devDependencies (npm):
2026-03-04 10:49:27: - typescript
2026-03-04 10:49:27: 
2026-03-04 10:49:28: ▲ Next.js 16.1.6
2026-03-04 10:49:28: - Local:         http://localhost:3000
2026-03-04 10:49:28: - Network:       http://100.101.241.108:3000
2026-03-04 10:49:28: 
2026-03-04 10:49:28: ✓ Starting...
2026-03-04 10:49:28: 
2026-03-04 10:49:28: Installing devDependencies (npm):
2026-03-04 10:49:28: - typescript
2026-03-04 10:49:28: 
2026-03-04 10:49:29: ▲ Next.js 16.1.6
2026-03-04 10:49:29: - Local:         http://localhost:3000
2026-03-04 10:49:29: - Network:       http://100.101.241.108:3000
2026-03-04 10:49:29: 
2026-03-04 10:49:29: ✓ Starting...
2026-03-04 10:49:29: 
2026-03-04 10:49:29: Installing devDependencies (npm):
2026-03-04 10:49:29: - typescript
2026-03-04 10:49:29: 
2026-03-04 10:49:30: ▲ Next.js 16.1.6
2026-03-04 10:49:30: - Local:         http://localhost:3000
2026-03-04 10:49:30: - Network:       http://100.101.241.108:3000
2026-03-04 10:49:30: 
2026-03-04 10:49:30: ✓ Starting...
2026-03-04 10:49:30: 
2026-03-04 10:49:30: Installing devDependencies (npm):
2026-03-04 10:49:30: - typescript
2026-03-04 10:49:30: 
2026-03-04 10:49:31: ▲ Next.js 16.1.6
2026-03-04 10:49:31: - Local:         http://localhost:3000
2026-03-04 10:49:31: - Network:       http://100.101.241.108:3000
2026-03-04 10:49:31: 
2026-03-04 10:49:31: ✓ Starting...
2026-03-04 10:49:32: 
2026-03-04 10:49:32: Installing devDependencies (npm):
2026-03-04 10:49:32: - typescript
2026-03-04 10:49:32: 
2026-03-04 10:49:33: ▲ Next.js 16.1.6
2026-03-04 10:49:33: - Local:         http://localhost:3000
2026-03-04 10:49:33: - Network:       http://100.101.241.108:3000
2026-03-04 10:49:33: 
2026-03-04 10:49:33: ✓ Starting...
2026-03-04 10:49:33: 
2026-03-04 10:49:33: Installing devDependencies (npm):
2026-03-04 10:49:33: - typescript
2026-03-04 10:49:33: 
2026-03-04 10:49:34: ▲ Next.js 16.1.6
2026-03-04 10:49:34: - Local:         http://localhost:3000
2026-03-04 10:49:34: - Network:       http://100.101.241.108:3000
2026-03-04 10:49:34: 
2026-03-04 10:49:34: ✓ Starting...
2026-03-04 10:49:34: 
2026-03-04 10:49:34: Installing devDependencies (npm):
2026-03-04 10:49:34: - typescript
2026-03-04 10:49:34: 
2026-03-04 10:49:35: ▲ Next.js 16.1.6
2026-03-04 10:49:35: - Local:         http://localhost:3000
2026-03-04 10:49:35: - Network:       http://100.101.241.108:3000
2026-03-04 10:49:35: 
2026-03-04 10:49:35: ✓ Starting...
2026-03-04 10:49:35: 
2026-03-04 10:49:35: Installing devDependencies (npm):
2026-03-04 10:49:35: - typescript
2026-03-04 10:49:35: 
2026-03-04 10:49:36: ▲ Next.js 16.1.6
2026-03-04 10:49:36: - Local:         http://localhost:3000
2026-03-04 10:49:36: - Network:       http://100.101.241.108:3000
2026-03-04 10:49:36: 
2026-03-04 10:49:36: ✓ Starting...
2026-03-04 10:49:36: 
2026-03-04 10:49:36: Installing devDependencies (npm):
2026-03-04 10:49:36: - typescript
2026-03-04 10:49:36: 
2026-03-04 10:49:37: ▲ Next.js 16.1.6
2026-03-04 10:49:37: - Local:         http://localhost:3000
2026-03-04 10:49:37: - Network:       http://100.101.241.108:3000
2026-03-04 10:49:37: 
2026-03-04 10:49:37: ✓ Starting...
2026-03-04 10:49:37: 
2026-03-04 10:49:37: Installing devDependencies (npm):
2026-03-04 10:49:37: - typescript
2026-03-04 10:49:37: 
2026-03-04 10:49:38: ▲ Next.js 16.1.6
2026-03-04 10:49:38: - Local:         http://localhost:3000
2026-03-04 10:49:38: - Network:       http://100.101.241.108:3000
2026-03-04 10:49:38: 
2026-03-04 10:49:38: ✓ Starting...
2026-03-04 10:49:38: 
2026-03-04 10:49:38: Installing devDependencies (npm):
2026-03-04 10:49:38: - typescript
2026-03-04 10:49:38: 
2026-03-04 10:49:39: ▲ Next.js 16.1.6
2026-03-04 10:49:39: - Local:         http://localhost:3000
2026-03-04 10:49:39: - Network:       http://100.101.241.108:3000
2026-03-04 10:49:39: 
2026-03-04 10:49:39: ✓ Starting...
2026-03-04 10:49:39: 
2026-03-04 10:49:39: Installing devDependencies (npm):
2026-03-04 10:49:39: - typescript
2026-03-04 10:49:39: 
2026-03-04 10:49:41: ▲ Next.js 16.1.6
2026-03-04 10:49:41: - Local:         http://localhost:3000
2026-03-04 10:49:41: - Network:       http://100.101.241.108:3000
2026-03-04 10:49:41: 
2026-03-04 10:49:41: ✓ Starting...
2026-03-04 10:49:41: 
2026-03-04 10:49:41: Installing devDependencies (npm):
2026-03-04 10:49:41: - typescript
2026-03-04 10:49:41: 
2026-03-04 10:49:42: ▲ Next.js 16.1.6
2026-03-04 10:49:42: - Local:         http://localhost:3000
2026-03-04 10:49:42: - Network:       http://100.101.241.108:3000
2026-03-04 10:49:42: 
2026-03-04 10:49:42: ✓ Starting...
2026-03-04 10:49:42: 
2026-03-04 10:49:42: Installing devDependencies (npm):
2026-03-04 10:49:42: - typescript
2026-03-04 10:49:42: 
2026-03-04 10:49:43: ▲ Next.js 16.1.6
2026-03-04 10:49:43: - Local:         http://localhost:3000
2026-03-04 10:49:43: - Network:       http://100.101.241.108:3000
2026-03-04 10:49:43: 
2026-03-04 10:49:43: ✓ Starting...
2026-03-04 10:49:43: 
2026-03-04 10:49:43: Installing devDependencies (npm):
2026-03-04 10:49:43: - typescript
2026-03-04 10:49:43: 
2026-03-04 10:49:44: ▲ Next.js 16.1.6
2026-03-04 10:49:44: - Local:         http://localhost:3000
2026-03-04 10:49:44: - Network:       http://100.101.241.108:3000
2026-03-04 10:49:44: 
2026-03-04 10:49:44: ✓ Starting...
2026-03-04 10:49:44: 
2026-03-04 10:49:44: Installing devDependencies (npm):
2026-03-04 10:49:44: - typescript
2026-03-04 10:49:44: 
2026-03-04 10:49:45: ▲ Next.js 16.1.6
2026-03-04 10:49:45: - Local:         http://localhost:3000
2026-03-04 10:49:45: - Network:       http://100.101.241.108:3000
2026-03-04 10:49:45: 
2026-03-04 10:49:45: ✓ Starting...
2026-03-04 10:49:45: 
2026-03-04 10:49:45: Installing devDependencies (npm):
2026-03-04 10:49:45: - typescript
2026-03-04 10:49:45: 
2026-03-04 10:49:46: ▲ Next.js 16.1.6
2026-03-04 10:49:46: - Local:         http://localhost:3000
2026-03-04 10:49:46: - Network:       http://100.101.241.108:3000
2026-03-04 10:49:46: 
2026-03-04 10:49:46: ✓ Starting...
2026-03-04 10:49:46: 
2026-03-04 10:49:46: Installing devDependencies (npm):
2026-03-04 10:49:46: - typescript
2026-03-04 10:49:46: 
2026-03-04 10:49:47: ▲ Next.js 16.1.6
2026-03-04 10:49:47: - Local:         http://localhost:3000
2026-03-04 10:49:47: - Network:       http://100.101.241.108:3000
2026-03-04 10:49:47: 
2026-03-04 10:49:47: ✓ Starting...
2026-03-04 10:49:47: 
2026-03-04 10:49:47: Installing devDependencies (npm):
2026-03-04 10:49:47: - typescript
2026-03-04 10:49:47: 
2026-03-04 10:49:48: ▲ Next.js 16.1.6
2026-03-04 10:49:48: - Local:         http://localhost:3000
2026-03-04 10:49:48: - Network:       http://100.101.241.108:3000
2026-03-04 10:49:48: 
2026-03-04 10:49:48: ✓ Starting...
2026-03-04 10:49:49: 
2026-03-04 10:49:49: Installing devDependencies (npm):
2026-03-04 10:49:49: - typescript
2026-03-04 10:49:49: 
2026-03-04 10:49:50: ▲ Next.js 16.1.6
2026-03-04 10:49:50: - Local:         http://localhost:3000
2026-03-04 10:49:50: - Network:       http://100.101.241.108:3000
2026-03-04 10:49:50: 
2026-03-04 10:49:50: ✓ Starting...
2026-03-04 10:49:50: 
2026-03-04 10:49:50: Installing devDependencies (npm):
2026-03-04 10:49:50: - typescript
2026-03-04 10:49:50: 
2026-03-04 10:49:51: ▲ Next.js 16.1.6
2026-03-04 10:49:51: - Local:         http://localhost:3000
2026-03-04 10:49:51: - Network:       http://100.101.241.108:3000
2026-03-04 10:49:51: 
2026-03-04 10:49:51: ✓ Starting...
2026-03-04 10:49:51: 
2026-03-04 10:49:51: Installing devDependencies (npm):
2026-03-04 10:49:51: - typescript
2026-03-04 10:49:51: 
2026-03-04 10:49:52: ▲ Next.js 16.1.6
2026-03-04 10:49:52: - Local:         http://localhost:3000
2026-03-04 10:49:52: - Network:       http://100.101.241.108:3000
2026-03-04 10:49:52: 
2026-03-04 10:49:52: ✓ Starting...
2026-03-04 10:49:52: 
2026-03-04 10:49:52: Installing devDependencies (npm):
2026-03-04 10:49:52: - typescript
2026-03-04 10:49:52: 
2026-03-04 10:49:53: ▲ Next.js 16.1.6
2026-03-04 10:49:53: - Local:         http://localhost:3000
2026-03-04 10:49:53: - Network:       http://100.101.241.108:3000
2026-03-04 10:49:53: 
2026-03-04 10:49:53: ✓ Starting...
2026-03-04 10:49:53: 
2026-03-04 10:49:53: Installing devDependencies (npm):
2026-03-04 10:49:53: - typescript
2026-03-04 10:49:53: 
2026-03-04 10:49:54: ▲ Next.js 16.1.6
2026-03-04 10:49:54: - Local:         http://localhost:3000
2026-03-04 10:49:54: - Network:       http://100.101.241.108:3000
2026-03-04 10:49:54: 
2026-03-04 10:49:54: ✓ Starting...
2026-03-04 10:49:54: 
2026-03-04 10:49:54: Installing devDependencies (npm):
2026-03-04 10:49:54: - typescript
2026-03-04 10:49:54: 
2026-03-04 10:49:55: ▲ Next.js 16.1.6
2026-03-04 10:49:55: - Local:         http://localhost:3000
2026-03-04 10:49:55: - Network:       http://100.101.241.108:3000
2026-03-04 10:49:55: 
2026-03-04 10:49:55: ✓ Starting...
2026-03-04 10:49:55: 
2026-03-04 10:49:55: Installing devDependencies (npm):
2026-03-04 10:49:55: - typescript
2026-03-04 10:49:55: 
2026-03-04 10:49:56: ▲ Next.js 16.1.6
2026-03-04 10:49:56: - Local:         http://localhost:3000
2026-03-04 10:49:56: - Network:       http://100.101.241.108:3000
2026-03-04 10:49:56: 
2026-03-04 10:49:56: ✓ Starting...
2026-03-04 10:49:56: 
2026-03-04 10:49:56: Installing devDependencies (npm):
2026-03-04 10:49:56: - typescript
2026-03-04 10:49:56: 
2026-03-04 10:49:57: ▲ Next.js 16.1.6
2026-03-04 10:49:57: - Local:         http://localhost:3000
2026-03-04 10:49:57: - Network:       http://100.101.241.108:3000
2026-03-04 10:49:57: 
2026-03-04 10:49:57: ✓ Starting...
2026-03-04 10:49:57: 
2026-03-04 10:49:57: Installing devDependencies (npm):
2026-03-04 10:49:57: - typescript
2026-03-04 10:49:57: 
2026-03-04 10:49:59: ▲ Next.js 16.1.6
2026-03-04 10:49:59: - Local:         http://localhost:3000
2026-03-04 10:49:59: - Network:       http://100.101.241.108:3000
2026-03-04 10:49:59: 
2026-03-04 10:49:59: ✓ Starting...
2026-03-04 10:49:59: 
2026-03-04 10:49:59: Installing devDependencies (npm):
2026-03-04 10:49:59: - typescript
2026-03-04 10:49:59: 
2026-03-04 10:50:00: ▲ Next.js 16.1.6
2026-03-04 10:50:00: - Local:         http://localhost:3000
2026-03-04 10:50:00: - Network:       http://100.101.241.108:3000
2026-03-04 10:50:00: 
2026-03-04 10:50:00: ✓ Starting...
2026-03-04 10:50:00: 
2026-03-04 10:50:00: Installing devDependencies (npm):
2026-03-04 10:50:00: - typescript
2026-03-04 10:50:00: 
2026-03-04 10:50:01: ▲ Next.js 16.1.6
2026-03-04 10:50:01: - Local:         http://localhost:3000
2026-03-04 10:50:01: - Network:       http://100.101.241.108:3000
2026-03-04 10:50:01: 
2026-03-04 10:50:01: ✓ Starting...
2026-03-04 10:50:01: 
2026-03-04 10:50:01: Installing devDependencies (npm):
2026-03-04 10:50:01: - typescript
2026-03-04 10:50:01: 
2026-03-04 10:50:02: ▲ Next.js 16.1.6
2026-03-04 10:50:02: - Local:         http://localhost:3000
2026-03-04 10:50:02: - Network:       http://100.101.241.108:3000
2026-03-04 10:50:02: 
2026-03-04 10:50:02: ✓ Starting...
2026-03-04 10:50:02: 
2026-03-04 10:50:02: Installing devDependencies (npm):
2026-03-04 10:50:02: - typescript
2026-03-04 10:50:02: 
2026-03-04 10:50:03: ▲ Next.js 16.1.6
2026-03-04 10:50:03: - Local:         http://localhost:3000
2026-03-04 10:50:03: - Network:       http://100.101.241.108:3000
2026-03-04 10:50:03: 
2026-03-04 10:50:03: ✓ Starting...
2026-03-04 10:50:03: 
2026-03-04 10:50:03: Installing devDependencies (npm):
2026-03-04 10:50:03: - typescript
2026-03-04 10:50:03: 
2026-03-04 10:50:04: ▲ Next.js 16.1.6
2026-03-04 10:50:04: - Local:         http://localhost:3000
2026-03-04 10:50:04: - Network:       http://100.101.241.108:3000
2026-03-04 10:50:04: 
2026-03-04 10:50:04: ✓ Starting...
2026-03-04 10:50:04: 
2026-03-04 10:50:04: Installing devDependencies (npm):
2026-03-04 10:50:04: - typescript
2026-03-04 10:50:04: 
2026-03-04 10:50:05: ▲ Next.js 16.1.6
2026-03-04 10:50:05: - Local:         http://localhost:3000
2026-03-04 10:50:05: - Network:       http://100.101.241.108:3000
2026-03-04 10:50:05: 
2026-03-04 10:50:05: ✓ Starting...
2026-03-04 10:50:05: 
2026-03-04 10:50:05: Installing devDependencies (npm):
2026-03-04 10:50:05: - typescript
2026-03-04 10:50:05: 
2026-03-04 10:50:06: ▲ Next.js 16.1.6
2026-03-04 10:50:06: - Local:         http://localhost:3000
2026-03-04 10:50:06: - Network:       http://100.101.241.108:3000
2026-03-04 10:50:06: 
2026-03-04 10:50:06: ✓ Starting...
2026-03-04 10:50:06: 
2026-03-04 10:50:06: Installing devDependencies (npm):
2026-03-04 10:50:06: - typescript
2026-03-04 10:50:06: 
2026-03-04 10:50:08: ▲ Next.js 16.1.6
2026-03-04 10:50:08: - Local:         http://localhost:3000
2026-03-04 10:50:08: - Network:       http://100.101.241.108:3000
2026-03-04 10:50:08: 
2026-03-04 10:50:08: ✓ Starting...
2026-03-04 10:50:08: 
2026-03-04 10:50:08: Installing devDependencies (npm):
2026-03-04 10:50:08: - typescript
2026-03-04 10:50:08: 
2026-03-04 10:50:09: ▲ Next.js 16.1.6
2026-03-04 10:50:09: - Local:         http://localhost:3000
2026-03-04 10:50:09: - Network:       http://100.101.241.108:3000
2026-03-04 10:50:09: 
2026-03-04 10:50:09: ✓ Starting...
2026-03-04 10:50:09: 
2026-03-04 10:50:09: Installing devDependencies (npm):
2026-03-04 10:50:09: - typescript
2026-03-04 10:50:09: 
2026-03-04 10:54:22: ▲ Next.js 16.1.6
2026-03-04 10:54:22: - Local:         http://localhost:3000
2026-03-04 10:54:22: - Network:       http://100.101.241.108:3000
2026-03-04 10:54:22: 
2026-03-04 10:54:22: ✓ Starting...
2026-03-04 10:54:23: ✓ Ready in 454ms
2026-03-04 10:55:44: ▲ Next.js 16.1.6
2026-03-04 10:55:44: - Local:         http://localhost:3000
2026-03-04 10:55:44: - Network:       http://100.101.241.108:3000
2026-03-04 10:55:44: 
2026-03-04 10:55:44: ✓ Starting...
2026-03-04 10:55:44: ✓ Ready in 441ms
2026-03-04 10:59:50: ▲ Next.js 16.1.6
2026-03-04 10:59:50: - Local:         http://localhost:3000
2026-03-04 10:59:50: - Network:       http://100.101.241.108:3000
2026-03-04 10:59:50: 
2026-03-04 10:59:50: ✓ Starting...
2026-03-04 10:59:50: ✓ Ready in 825ms
2026-03-04 11:34:02: ▲ Next.js 16.1.6
2026-03-04 11:34:02: - Local:         http://localhost:3000
2026-03-04 11:34:02: - Network:       http://100.101.241.108:3000
2026-03-04 11:34:02: 
2026-03-04 11:34:02: ✓ Starting...
2026-03-04 11:34:02: ✓ Ready in 505ms
2026-03-04 13:09:25: ▲ Next.js 16.1.6
2026-03-04 13:09:25: - Local:         http://localhost:3000
2026-03-04 13:09:25: - Network:       http://100.101.241.108:3000
2026-03-04 13:09:25: 
2026-03-04 13:09:25: ✓ Starting...
2026-03-04 13:09:25: ✓ Ready in 478ms
2026-03-04 14:49:06: prisma:error 
2026-03-04 14:49:06: Invalid `prisma.inventoryLog.create()` invocation:
2026-03-04 14:49:06: 
2026-03-04 14:49:06: 
2026-03-04 14:49:06: Foreign key constraint failed on the field: `branchId`
2026-03-04 14:50:38: prisma:error 
2026-03-04 14:50:38: Invalid `prisma.inventoryLog.create()` invocation:
2026-03-04 14:50:38: 
2026-03-04 14:50:38: 
2026-03-04 14:50:38: Foreign key constraint failed on the field: `branchId`
2026-03-07 09:31:41: ▲ Next.js 16.1.6
2026-03-07 09:31:41: - Local:         http://localhost:3000
2026-03-07 09:31:41: - Network:       http://100.101.241.108:3000
2026-03-07 09:31:41: 
2026-03-07 09:31:41: ✓ Starting...
2026-03-07 09:31:42: ✓ Ready in 877ms
2026-03-07 09:34:11: ▲ Next.js 16.1.6
2026-03-07 09:34:11: - Local:         http://localhost:3000
2026-03-07 09:34:11: - Network:       http://100.101.241.108:3000
2026-03-07 09:34:11: 
2026-03-07 09:34:11: ✓ Starting...
2026-03-07 09:34:12: ✓ Ready in 794ms
2026-03-07 13:42:26: ▲ Next.js 16.1.6
2026-03-07 13:42:26: - Local:         http://localhost:3000
2026-03-07 13:42:26: - Network:       http://100.101.241.108:3000
2026-03-07 13:42:26: 
2026-03-07 13:42:26: ✓ Starting...
2026-03-07 13:42:26: ✓ Ready in 847ms
2026-03-09 11:27:01: ▲ Next.js 16.1.6
2026-03-09 11:27:01: - Local:         http://localhost:3000
2026-03-09 11:27:01: - Network:       http://100.101.241.108:3000
2026-03-09 11:27:01: 
2026-03-09 11:27:01: ✓ Starting...
2026-03-09 11:27:02: ✓ Ready in 821ms
2026-03-09 13:25:03: ▲ Next.js 16.1.6
2026-03-09 13:25:03: - Local:         http://localhost:3000
2026-03-09 13:25:03: - Network:       http://100.101.241.108:3000
2026-03-09 13:25:03: 
2026-03-09 13:25:03: ✓ Starting...
2026-03-09 13:25:04: ✓ Ready in 834ms
2026-03-09 13:39:53: prisma:error 
2026-03-09 13:39:53: Invalid `prisma.user.findUnique()` invocation:
2026-03-09 13:39:53: 
2026-03-09 13:39:53: 
2026-03-09 13:39:53: Can't reach database server at `127.0.0.1`:`3306`
2026-03-09 13:39:53: 
2026-03-09 13:39:53: Please make sure your database server is running at `127.0.0.1`:`3306`.
2026-03-09 14:12:23: [updateUser] Permissions Check: {
2026-03-09 14:12:23:   currentUserId: 1,
2026-03-09 14:12:23:   targetUserId: '1',
2026-03-09 14:12:23:   userRoleName: undefined,
2026-03-09 14:12:23:   isSelfUpdate: false,
2026-03-09 14:12:23:   isSuperAdmin: false
2026-03-09 14:12:23: }
2026-03-09 14:12:30: [updateUser] Permissions Check: {
2026-03-09 14:12:30:   currentUserId: 1,
2026-03-09 14:12:30:   targetUserId: '1',
2026-03-09 14:12:30:   userRoleName: undefined,
2026-03-09 14:12:30:   isSelfUpdate: false,
2026-03-09 14:12:30:   isSuperAdmin: false
2026-03-09 14:12:30: }
2026-03-09 14:12:43: [updateUser] Permissions Check: {
2026-03-09 14:12:43:   currentUserId: 1,
2026-03-09 14:12:43:   targetUserId: '4',
2026-03-09 14:12:43:   userRoleName: undefined,
2026-03-09 14:12:43:   isSelfUpdate: false,
2026-03-09 14:12:43:   isSuperAdmin: false
2026-03-09 14:12:43: }
2026-03-09 14:12:44: [updateUser] Permissions Check: {
2026-03-09 14:12:44:   currentUserId: 1,
2026-03-09 14:12:44:   targetUserId: '4',
2026-03-09 14:12:44:   userRoleName: undefined,
2026-03-09 14:12:44:   isSelfUpdate: false,
2026-03-09 14:12:44:   isSuperAdmin: false
2026-03-09 14:12:44: }
2026-03-09 14:13:05: [updateUser] Permissions Check: {
2026-03-09 14:13:05:   currentUserId: 1,
2026-03-09 14:13:05:   targetUserId: '4',
2026-03-09 14:13:05:   userRoleName: undefined,
2026-03-09 14:13:05:   isSelfUpdate: false,
2026-03-09 14:13:05:   isSuperAdmin: false
2026-03-09 14:13:05: }
2026-03-09 15:44:33: ▲ Next.js 16.1.6
2026-03-09 15:44:33: - Local:         http://localhost:3000
2026-03-09 15:44:33: - Network:       http://100.101.241.108:3000
2026-03-09 15:44:33: 
2026-03-09 15:44:33: ✓ Starting...
2026-03-09 15:44:33: ✓ Ready in 858ms
2026-03-09 16:25:48: [transferStock] Initiating transfer for: 1, qty: 20, target: branch1
2026-03-09 16:25:48: [transferStock] Transferring 20 of korean perfume
2026-03-09 16:25:48: [transferStock] Updating existing product for branch1: 2
2026-03-09 16:25:48: prisma:error 
2026-03-09 16:25:48: Invalid `prisma.inventoryLog.create()` invocation:
2026-03-09 16:25:48: 
2026-03-09 16:25:48: {
2026-03-09 16:25:48:   data: {
2026-03-09 16:25:48:     action: "TRANSFER",
2026-03-09 16:25:48:     productId: 2,
2026-03-09 16:25:48:     warehouseProductId: null,
2026-03-09 16:25:48:     quantityChange: 20,
2026-03-09 16:25:48:     previousStock: 60,
2026-03-09 16:25:48:     newStock: 80,
2026-03-09 16:25:48:     reason: "Transferred from Warehouse to branch1",
2026-03-09 16:25:48:     referenceId: 2,
2026-03-09 16:25:48:                  ~
2026-03-09 16:25:48:     performedBy: {
2026-03-09 16:25:48:       uid: 1,
2026-03-09 16:25:48:       name: "Super Admin",
2026-03-09 16:25:48:       email: "superadmin@gmail.com"
2026-03-09 16:25:48:     },
2026-03-09 16:25:48:     orderId: null,
2026-03-09 16:25:48:     preOrderId: null,
2026-03-09 16:25:48:     userId: 1,
2026-03-09 16:25:48:     branchId: 1
2026-03-09 16:25:48:   }
2026-03-09 16:25:48: }
2026-03-09 16:25:48: 
2026-03-09 16:25:48: Argument `referenceId`: Invalid value provided. Expected String or Null, provided Int.
2026-03-09 16:25:48: prisma:error 
2026-03-09 16:25:48: Invalid `prisma.$executeRawUnsafe()` invocation:
2026-03-09 16:25:48: 
2026-03-09 16:25:48: 
2026-03-09 16:25:48: Raw query failed. Code: `1366`. Message: `Incorrect integer value: 'ncgoutd11lfh' for column 'id' at row 1`
2026-03-09 16:26:02: [transferStock] Initiating transfer for: 1, qty: 20, target: branch1
2026-03-09 16:26:02: [transferStock] Transferring 20 of korean perfume
2026-03-09 16:26:02: [transferStock] Updating existing product for branch1: 2
2026-03-09 16:26:02: prisma:error 
2026-03-09 16:26:02: Invalid `prisma.inventoryLog.create()` invocation:
2026-03-09 16:26:02: 
2026-03-09 16:26:02: {
2026-03-09 16:26:02:   data: {
2026-03-09 16:26:02:     action: "TRANSFER",
2026-03-09 16:26:02:     productId: 2,
2026-03-09 16:26:02:     warehouseProductId: null,
2026-03-09 16:26:02:     quantityChange: 20,
2026-03-09 16:26:02:     previousStock: 60,
2026-03-09 16:26:02:     newStock: 80,
2026-03-09 16:26:02:     reason: "Transferred from Warehouse to branch1",
2026-03-09 16:26:02:     referenceId: 2,
2026-03-09 16:26:02:                  ~
2026-03-09 16:26:02:     performedBy: {
2026-03-09 16:26:02:       uid: 1,
2026-03-09 16:26:02:       name: "Super Admin",
2026-03-09 16:26:02:       email: "superadmin@gmail.com"
2026-03-09 16:26:02:     },
2026-03-09 16:26:02:     orderId: null,
2026-03-09 16:26:02:     preOrderId: null,
2026-03-09 16:26:02:     userId: 1,
2026-03-09 16:26:02:     branchId: 1
2026-03-09 16:26:02:   }
2026-03-09 16:26:02: }
2026-03-09 16:26:02: 
2026-03-09 16:26:02: Argument `referenceId`: Invalid value provided. Expected String or Null, provided Int.
2026-03-09 16:26:02: prisma:error 
2026-03-09 16:26:02: Invalid `prisma.$executeRawUnsafe()` invocation:
2026-03-09 16:26:02: 
2026-03-09 16:26:02: 
2026-03-09 16:26:02: Raw query failed. Code: `1366`. Message: `Incorrect integer value: 'nn33zvl7e5xc' for column 'id' at row 1`
2026-03-09 16:31:34: ▲ Next.js 16.1.6
2026-03-09 16:31:34: - Local:         http://localhost:3000
2026-03-09 16:31:34: - Network:       http://100.101.241.108:3000
2026-03-09 16:31:34: 
2026-03-09 16:31:34: ✓ Starting...
2026-03-09 16:31:35: ✓ Ready in 829ms
2026-03-09 16:34:48: ▲ Next.js 16.1.6
2026-03-09 16:34:48: - Local:         http://localhost:3000
2026-03-09 16:34:48: - Network:       http://100.101.241.108:3000
2026-03-09 16:34:48: 
2026-03-09 16:34:48: ✓ Starting...
2026-03-09 16:34:48: ✓ Ready in 450ms
2026-03-09 16:36:27: prisma:error 
2026-03-09 16:36:27: Invalid `prisma.user.findUnique()` invocation:
2026-03-09 16:36:27: 
2026-03-09 16:36:27: 
2026-03-09 16:36:27: Can't reach database server at `127.0.0.1`:`3306`
2026-03-09 16:36:27: 
2026-03-09 16:36:27: Please make sure your database server is running at `127.0.0.1`:`3306`.
2026-03-09 16:36:30: prisma:error 
2026-03-09 16:36:30: Invalid `prisma.user.findUnique()` invocation:
2026-03-09 16:36:30: 
2026-03-09 16:36:30: 
2026-03-09 16:36:30: Can't reach database server at `127.0.0.1`:`3306`
2026-03-09 16:36:30: 
2026-03-09 16:36:30: Please make sure your database server is running at `127.0.0.1`:`3306`.
2026-03-09 16:37:03: [transferStock] Initiating transfer for: 1, qty: 1, target: branch1
2026-03-09 16:37:03: [transferStock] Transferring 1 of korean perfume
2026-03-09 16:37:03: [transferStock] Updating existing product for branch1: 2
2026-03-09 16:37:03: prisma:error 
2026-03-09 16:37:03: Invalid `prisma.inventoryLog.create()` invocation:
2026-03-09 16:37:03: 
2026-03-09 16:37:03: {
2026-03-09 16:37:03:   data: {
2026-03-09 16:37:03:     action: "TRANSFER",
2026-03-09 16:37:03:     productId: 2,
2026-03-09 16:37:03:     warehouseProductId: null,
2026-03-09 16:37:03:     quantityChange: 1,
2026-03-09 16:37:03:     previousStock: 80,
2026-03-09 16:37:03:     newStock: 81,
2026-03-09 16:37:03:     reason: "Transferred from Warehouse to branch1",
2026-03-09 16:37:03:     referenceId: 2,
2026-03-09 16:37:03:                  ~
2026-03-09 16:37:03:     performedBy: {
2026-03-09 16:37:03:       uid: 1,
2026-03-09 16:37:03:       name: "Super Admin",
2026-03-09 16:37:03:       email: "superadmin@gmail.com"
2026-03-09 16:37:03:     },
2026-03-09 16:37:03:     orderId: null,
2026-03-09 16:37:03:     preOrderId: null,
2026-03-09 16:37:03:     userId: 1,
2026-03-09 16:37:03:     branchId: 1
2026-03-09 16:37:03:   }
2026-03-09 16:37:03: }
2026-03-09 16:37:03: 
2026-03-09 16:37:03: Argument `referenceId`: Invalid value provided. Expected String or Null, provided Int.
2026-03-09 16:37:03: [transferStock] New warehouse quantity: 119
2026-03-09 17:31:53: ▲ Next.js 16.1.6
2026-03-09 17:31:53: - Local:         http://localhost:3000
2026-03-09 17:31:53: - Network:       http://100.101.241.108:3000
2026-03-09 17:31:53: 
2026-03-09 17:31:53: ✓ Starting...
2026-03-09 17:31:53: ✓ Ready in 463ms
2026-03-10 10:36:53: ▲ Next.js 16.1.6
2026-03-10 10:36:53: - Local:         http://localhost:3000
2026-03-10 10:36:53: - Network:       http://100.101.241.108:3000
2026-03-10 10:36:53: 
2026-03-10 10:36:53: ✓ Starting...
2026-03-10 10:36:54: ✓ Ready in 888ms
2026-03-10 10:48:52: prisma:error 
2026-03-10 10:48:52: Invalid `prisma.user.findUnique()` invocation:
2026-03-10 10:48:52: 
2026-03-10 10:48:52: 
2026-03-10 10:48:52: Can't reach database server at `127.0.0.1`:`3306`
2026-03-10 10:48:52: 
2026-03-10 10:48:52: Please make sure your database server is running at `127.0.0.1`:`3306`.
2026-03-10 10:53:56: [updateUser] Permissions Check: {
2026-03-10 10:53:56:   currentUserId: 1,
2026-03-10 10:53:56:   targetUserId: '1',
2026-03-10 10:53:56:   userRoleName: 'super admin',
2026-03-10 10:53:56:   isSelfUpdate: false,
2026-03-10 10:53:56:   isSuperAdmin: true
2026-03-10 10:53:56: }
2026-03-10 10:53:56: [updateUser] Permissions Payload: {
2026-03-10 10:53:56:   dashboard: true,
2026-03-10 10:53:56:   orders: false,
2026-03-10 10:53:56:   batches: false,
2026-03-10 10:53:56:   inventory: true,
2026-03-10 10:53:56:   customers: true,
2026-03-10 10:53:56:   reports: true,
2026-03-10 10:53:56:   users: true,
2026-03-10 10:53:56:   settings: true,
2026-03-10 10:53:56:   adminManage: true,
2026-03-10 10:53:56:   stations: true,
2026-03-10 10:53:56:   preOrders: true,
2026-03-10 10:53:56:   warehouses: true,
2026-03-10 10:53:56:   sales: true
2026-03-10 10:53:56: }
2026-03-10 10:54:10: [updateUser] Permissions Check: {
2026-03-10 10:54:10:   currentUserId: 1,
2026-03-10 10:54:10:   targetUserId: '1',
2026-03-10 10:54:10:   userRoleName: 'super admin',
2026-03-10 10:54:10:   isSelfUpdate: false,
2026-03-10 10:54:10:   isSuperAdmin: true
2026-03-10 10:54:10: }
2026-03-10 10:54:10: [updateUser] Permissions Payload: {
2026-03-10 10:54:10:   dashboard: false,
2026-03-10 10:54:10:   orders: false,
2026-03-10 10:54:10:   batches: false,
2026-03-10 10:54:10:   inventory: true,
2026-03-10 10:54:10:   customers: true,
2026-03-10 10:54:10:   reports: true,
2026-03-10 10:54:10:   users: true,
2026-03-10 10:54:10:   settings: true,
2026-03-10 10:54:10:   adminManage: true,
2026-03-10 10:54:10:   stations: true,
2026-03-10 10:54:10:   preOrders: true,
2026-03-10 10:54:10:   warehouses: true,
2026-03-10 10:54:10:   sales: true
2026-03-10 10:54:10: }
2026-03-10 10:54:19: [updateUser] Permissions Check: {
2026-03-10 10:54:19:   currentUserId: 1,
2026-03-10 10:54:19:   targetUserId: '1',
2026-03-10 10:54:19:   userRoleName: 'super admin',
2026-03-10 10:54:19:   isSelfUpdate: false,
2026-03-10 10:54:19:   isSuperAdmin: true
2026-03-10 10:54:19: }
2026-03-10 10:54:19: [updateUser] Permissions Payload: {
2026-03-10 10:54:19:   dashboard: true,
2026-03-10 10:54:19:   orders: false,
2026-03-10 10:54:19:   batches: false,
2026-03-10 10:54:19:   inventory: false,
2026-03-10 10:54:19:   customers: true,
2026-03-10 10:54:19:   reports: true,
2026-03-10 10:54:19:   users: true,
2026-03-10 10:54:19:   settings: true,
2026-03-10 10:54:19:   adminManage: true,
2026-03-10 10:54:19:   stations: true,
2026-03-10 10:54:19:   preOrders: true,
2026-03-10 10:54:19:   warehouses: true,
2026-03-10 10:54:19:   sales: true
2026-03-10 10:54:19: }
2026-03-10 10:55:14: Deleted 0 orders for user 5
2026-03-10 11:10:15: [updateUser] Permissions Check: {
2026-03-10 11:10:15:   currentUserId: 1,
2026-03-10 11:10:15:   targetUserId: '4',
2026-03-10 11:10:15:   userRoleName: 'super admin',
2026-03-10 11:10:15:   isSelfUpdate: false,
2026-03-10 11:10:15:   isSuperAdmin: true
2026-03-10 11:10:15: }
2026-03-10 11:10:15: [updateUser] Permissions Payload: {
2026-03-10 11:10:15:   dashboard: false,
2026-03-10 11:10:15:   orders: true,
2026-03-10 11:10:15:   batches: true,
2026-03-10 11:10:15:   inventory: true,
2026-03-10 11:10:15:   customers: true,
2026-03-10 11:10:15:   reports: false,
2026-03-10 11:10:15:   users: false,
2026-03-10 11:10:15:   settings: true,
2026-03-10 11:10:15:   adminManage: false,
2026-03-10 11:10:15:   stations: true,
2026-03-10 11:10:15:   preOrders: false,
2026-03-10 11:10:15:   warehouses: false,
2026-03-10 11:10:15:   sales: false
2026-03-10 11:10:15: }
2026-03-10 13:23:28: ▲ Next.js 16.1.6
2026-03-10 13:23:28: - Local:         http://localhost:3000
2026-03-10 13:23:28: - Network:       http://100.101.241.108:3000
2026-03-10 13:23:28: 
2026-03-10 13:23:28: ✓ Starting...
2026-03-10 13:23:29: ✓ Ready in 446ms
2026-03-11 08:05:03: ▲ Next.js 16.1.6
2026-03-11 08:05:03: - Local:         http://localhost:3000
2026-03-11 08:05:03: - Network:       http://100.101.241.108:3000
2026-03-11 08:05:03: 
2026-03-11 08:05:03: ✓ Starting...
2026-03-11 08:05:04: ✓ Ready in 958ms
2026-03-11 08:08:02: prisma:error 
2026-03-11 08:08:02: Invalid `prisma.user.findUnique()` invocation:
2026-03-11 08:08:02: 
2026-03-11 08:08:02: 
2026-03-11 08:08:02: Can't reach database server at `127.0.0.1`:`3306`
2026-03-11 08:08:02: 
2026-03-11 08:08:02: Please make sure your database server is running at `127.0.0.1`:`3306`.
2026-03-11 08:08:27: prisma:error 
2026-03-11 08:08:27: Invalid `prisma.user.findUnique()` invocation:
2026-03-11 08:08:27: 
2026-03-11 08:08:27: 
2026-03-11 08:08:27: Can't reach database server at `127.0.0.1`:`3306`
2026-03-11 08:08:27: 
2026-03-11 08:08:27: Please make sure your database server is running at `127.0.0.1`:`3306`.
2026-03-11 08:08:32: prisma:error 
2026-03-11 08:08:32: Invalid `prisma.user.findUnique()` invocation:
2026-03-11 08:08:32: 
2026-03-11 08:08:32: 
2026-03-11 08:08:32: Can't reach database server at `127.0.0.1`:`3306`
2026-03-11 08:08:32: 
2026-03-11 08:08:32: Please make sure your database server is running at `127.0.0.1`:`3306`.
2026-03-11 08:56:16: ▲ Next.js 16.1.6
2026-03-11 08:56:16: - Local:         http://localhost:3000
2026-03-11 08:56:16: - Network:       http://100.101.241.108:3000
2026-03-11 08:56:16: 
2026-03-11 08:56:16: ✓ Starting...
2026-03-11 08:56:17: ✓ Ready in 487ms
2026-03-11 09:05:47: [Auth] Access denied for user branch2@gmail.com to path: "/dashboard"
2026-03-11 09:05:53: [Auth] Access denied for user branch2@gmail.com to path: "/dashboard"
2026-03-11 09:20:29: [updateUser] Permissions Check: {
2026-03-11 09:20:29:   currentUserId: 1,
2026-03-11 09:20:29:   targetUserId: '6',
2026-03-11 09:20:29:   userRoleName: 'super admin',
2026-03-11 09:20:29:   isSelfUpdate: false,
2026-03-11 09:20:29:   isSuperAdmin: true
2026-03-11 09:20:29: }
2026-03-11 09:20:29: [updateUser] Permissions Payload: {
2026-03-11 09:20:29:   dashboard: true,
2026-03-11 09:20:29:   orders: true,
2026-03-11 09:20:29:   batches: true,
2026-03-11 09:20:29:   inventory: true,
2026-03-11 09:20:29:   customers: true,
2026-03-11 09:20:29:   reports: true,
2026-03-11 09:20:29:   users: false,
2026-03-11 09:20:29:   settings: false,
2026-03-11 09:20:29:   adminManage: false,
2026-03-11 09:20:29:   stations: false,
2026-03-11 09:20:29:   preOrders: false,
2026-03-11 09:20:29:   warehouses: false,
2026-03-11 09:20:29:   sales: false
2026-03-11 09:20:29: }
2026-03-11 09:53:17: prisma:error 
2026-03-11 09:53:17: Invalid `prisma.$queryRaw()` invocation:
2026-03-11 09:53:17: 
2026-03-11 09:53:17: 
2026-03-11 09:53:17: Raw query failed. Code: `1038`. Message: `Out of sort memory, consider increasing server sort buffer size`
2026-03-11 09:53:18: prisma:error 
2026-03-11 09:53:18: Invalid `prisma.$queryRaw()` invocation:
2026-03-11 09:53:18: 
2026-03-11 09:53:18: 
2026-03-11 09:53:18: Raw query failed. Code: `1038`. Message: `Out of sort memory, consider increasing server sort buffer size`
2026-03-11 09:53:19: prisma:error 
2026-03-11 09:53:19: Invalid `prisma.product.findMany()` invocation:
2026-03-11 09:53:19: 
2026-03-11 09:53:19: 
2026-03-11 09:53:19: Error occurred during query execution:
2026-03-11 09:53:19: ConnectorError(ConnectorError { user_facing_error: None, kind: QueryError(Server(MysqlError { code: 1038, message: "Out of sort memory, consider increasing server sort buffer size", state: "HY001" })), transient: false })
2026-03-11 09:53:32: prisma:error 
2026-03-11 09:53:32: Invalid `prisma.product.findMany()` invocation:
2026-03-11 09:53:32: 
2026-03-11 09:53:32: 
2026-03-11 09:53:32: Error occurred during query execution:
2026-03-11 09:53:32: ConnectorError(ConnectorError { user_facing_error: None, kind: QueryError(Server(MysqlError { code: 1038, message: "Out of sort memory, consider increasing server sort buffer size", state: "HY001" })), transient: false })
2026-03-11 09:53:33: prisma:error 
2026-03-11 09:53:33: Invalid `prisma.$queryRaw()` invocation:
2026-03-11 09:53:33: 
2026-03-11 09:53:33: 
2026-03-11 09:53:33: Raw query failed. Code: `1038`. Message: `Out of sort memory, consider increasing server sort buffer size`
2026-03-11 09:53:34: prisma:error 
2026-03-11 09:53:34: Invalid `prisma.product.findMany()` invocation:
2026-03-11 09:53:34: 
2026-03-11 09:53:34: 
2026-03-11 09:53:34: Error occurred during query execution:
2026-03-11 09:53:34: ConnectorError(ConnectorError { user_facing_error: None, kind: QueryError(Server(MysqlError { code: 1038, message: "Out of sort memory, consider increasing server sort buffer size", state: "HY001" })), transient: false })
2026-03-11 09:53:37: prisma:error 
2026-03-11 09:53:37: Invalid `prisma.$queryRaw()` invocation:
2026-03-11 09:53:37: 
2026-03-11 09:53:37: 
2026-03-11 09:53:37: Raw query failed. Code: `1038`. Message: `Out of sort memory, consider increasing server sort buffer size`
2026-03-11 09:53:40: prisma:error 
2026-03-11 09:53:40: Invalid `prisma.$queryRaw()` invocation:
2026-03-11 09:53:40: 
2026-03-11 09:53:40: 
2026-03-11 09:53:40: Raw query failed. Code: `1038`. Message: `Out of sort memory, consider increasing server sort buffer size`
2026-03-11 09:54:00: prisma:error 
2026-03-11 09:54:00: Invalid `prisma.$queryRaw()` invocation:
2026-03-11 09:54:00: 
2026-03-11 09:54:00: 
2026-03-11 09:54:00: Raw query failed. Code: `1038`. Message: `Out of sort memory, consider increasing server sort buffer size`
2026-03-11 09:54:06: prisma:error 
2026-03-11 09:54:06: Invalid `prisma.$queryRaw()` invocation:
2026-03-11 09:54:06: 
2026-03-11 09:54:06: 
2026-03-11 09:54:06: Raw query failed. Code: `1038`. Message: `Out of sort memory, consider increasing server sort buffer size`
2026-03-11 09:54:09: prisma:error 
2026-03-11 09:54:09: Invalid `prisma.$queryRaw()` invocation:
2026-03-11 09:54:09: 
2026-03-11 09:54:09: 
2026-03-11 09:54:09: Raw query failed. Code: `1038`. Message: `Out of sort memory, consider increasing server sort buffer size`
2026-03-11 09:54:21: prisma:error 
2026-03-11 09:54:21: Invalid `prisma.product.findMany()` invocation:
2026-03-11 09:54:21: 
2026-03-11 09:54:21: 
2026-03-11 09:54:21: Error occurred during query execution:
2026-03-11 09:54:21: ConnectorError(ConnectorError { user_facing_error: None, kind: QueryError(Server(MysqlError { code: 1038, message: "Out of sort memory, consider increasing server sort buffer size", state: "HY001" })), transient: false })
2026-03-11 09:54:25: prisma:error 
2026-03-11 09:54:25: Invalid `prisma.$queryRaw()` invocation:
2026-03-11 09:54:25: 
2026-03-11 09:54:25: 
2026-03-11 09:54:25: Raw query failed. Code: `1038`. Message: `Out of sort memory, consider increasing server sort buffer size`
2026-03-11 09:54:26: prisma:error 
2026-03-11 09:54:26: Invalid `prisma.$queryRaw()` invocation:
2026-03-11 09:54:26: 
2026-03-11 09:54:26: 
2026-03-11 09:54:26: Raw query failed. Code: `1038`. Message: `Out of sort memory, consider increasing server sort buffer size`
2026-03-11 09:54:47: prisma:error 
2026-03-11 09:54:47: Invalid `prisma.product.findMany()` invocation:
2026-03-11 09:54:47: 
2026-03-11 09:54:47: 
2026-03-11 09:54:47: Error occurred during query execution:
2026-03-11 09:54:47: ConnectorError(ConnectorError { user_facing_error: None, kind: QueryError(Server(MysqlError { code: 1038, message: "Out of sort memory, consider increasing server sort buffer size", state: "HY001" })), transient: false })
2026-03-11 09:54:50: prisma:error 
2026-03-11 09:54:50: Invalid `prisma.product.findMany()` invocation:
2026-03-11 09:54:50: 
2026-03-11 09:54:50: 
2026-03-11 09:54:50: Error occurred during query execution:
2026-03-11 09:54:50: ConnectorError(ConnectorError { user_facing_error: None, kind: QueryError(Server(MysqlError { code: 1038, message: "Out of sort memory, consider increasing server sort buffer size", state: "HY001" })), transient: false })
2026-03-11 09:55:33: prisma:error 
2026-03-11 09:55:33: Invalid `prisma.product.findMany()` invocation:
2026-03-11 09:55:33: 
2026-03-11 09:55:33: 
2026-03-11 09:55:33: Error occurred during query execution:
2026-03-11 09:55:33: ConnectorError(ConnectorError { user_facing_error: None, kind: QueryError(Server(MysqlError { code: 1038, message: "Out of sort memory, consider increasing server sort buffer size", state: "HY001" })), transient: false })
2026-03-11 09:55:36: prisma:error 
2026-03-11 09:55:36: Invalid `prisma.product.findMany()` invocation:
2026-03-11 09:55:36: 
2026-03-11 09:55:36: 
2026-03-11 09:55:36: Error occurred during query execution:
2026-03-11 09:55:36: ConnectorError(ConnectorError { user_facing_error: None, kind: QueryError(Server(MysqlError { code: 1038, message: "Out of sort memory, consider increasing server sort buffer size", state: "HY001" })), transient: false })
2026-03-11 09:55:43: prisma:error 
2026-03-11 09:55:43: Invalid `prisma.$queryRaw()` invocation:
2026-03-11 09:55:43: 
2026-03-11 09:55:43: 
2026-03-11 09:55:43: Raw query failed. Code: `1038`. Message: `Out of sort memory, consider increasing server sort buffer size`
2026-03-11 09:56:41: prisma:error 
2026-03-11 09:56:41: Invalid `prisma.$queryRaw()` invocation:
2026-03-11 09:56:41: 
2026-03-11 09:56:41: 
2026-03-11 09:56:41: Raw query failed. Code: `1038`. Message: `Out of sort memory, consider increasing server sort buffer size`
2026-03-11 09:56:49: prisma:error 
2026-03-11 09:56:49: Invalid `prisma.$queryRaw()` invocation:
2026-03-11 09:56:49: 
2026-03-11 09:56:49: 
2026-03-11 09:56:49: Raw query failed. Code: `1038`. Message: `Out of sort memory, consider increasing server sort buffer size`
2026-03-11 09:57:13: prisma:error 
2026-03-11 09:57:13: Invalid `prisma.product.findMany()` invocation:
2026-03-11 09:57:13: 
2026-03-11 09:57:13: 
2026-03-11 09:57:13: Error occurred during query execution:
2026-03-11 09:57:13: ConnectorError(ConnectorError { user_facing_error: None, kind: QueryError(Server(MysqlError { code: 1038, message: "Out of sort memory, consider increasing server sort buffer size", state: "HY001" })), transient: false })
2026-03-11 09:57:23: prisma:error 
2026-03-11 09:57:23: Invalid `prisma.product.findMany()` invocation:
2026-03-11 09:57:23: 
2026-03-11 09:57:23: 
2026-03-11 09:57:23: Error occurred during query execution:
2026-03-11 09:57:23: ConnectorError(ConnectorError { user_facing_error: None, kind: QueryError(Server(MysqlError { code: 1038, message: "Out of sort memory, consider increasing server sort buffer size", state: "HY001" })), transient: false })
2026-03-11 09:57:53: prisma:error 
2026-03-11 09:57:53: Invalid `prisma.$queryRaw()` invocation:
2026-03-11 09:57:53: 
2026-03-11 09:57:53: 
2026-03-11 09:57:53: Raw query failed. Code: `1038`. Message: `Out of sort memory, consider increasing server sort buffer size`
2026-03-11 09:57:56: prisma:error 
2026-03-11 09:57:56: Invalid `prisma.$queryRaw()` invocation:
2026-03-11 09:57:56: 
2026-03-11 09:57:56: 
2026-03-11 09:57:56: Raw query failed. Code: `1038`. Message: `Out of sort memory, consider increasing server sort buffer size`
2026-03-11 09:58:51: prisma:error 
2026-03-11 09:58:51: Invalid `prisma.product.findMany()` invocation:
2026-03-11 09:58:51: 
2026-03-11 09:58:51: 
2026-03-11 09:58:51: Error occurred during query execution:
2026-03-11 09:58:51: ConnectorError(ConnectorError { user_facing_error: None, kind: QueryError(Server(MysqlError { code: 1038, message: "Out of sort memory, consider increasing server sort buffer size", state: "HY001" })), transient: false })
2026-03-11 09:58:53: prisma:error 
2026-03-11 09:58:53: Invalid `prisma.$queryRaw()` invocation:
2026-03-11 09:58:53: 
2026-03-11 09:58:53: 
2026-03-11 09:58:53: Raw query failed. Code: `1038`. Message: `Out of sort memory, consider increasing server sort buffer size`
2026-03-11 10:03:51: prisma:error 
2026-03-11 10:03:51: Invalid `prisma.product.findMany()` invocation:
2026-03-11 10:03:51: 
2026-03-11 10:03:51: 
2026-03-11 10:03:51: Error occurred during query execution:
2026-03-11 10:03:51: ConnectorError(ConnectorError { user_facing_error: None, kind: QueryError(Server(MysqlError { code: 1038, message: "Out of sort memory, consider increasing server sort buffer size", state: "HY001" })), transient: false })
2026-03-11 10:11:10: ▲ Next.js 16.1.6
2026-03-11 10:11:10: - Local:         http://localhost:3000
2026-03-11 10:11:10: - Network:       http://100.101.241.108:3000
2026-03-11 10:11:10: 
2026-03-11 10:11:10: ✓ Starting...
2026-03-11 10:11:11: ✓ Ready in 513ms
2026-03-11 10:11:43: prisma:error 
2026-03-11 10:11:43: Invalid `prisma.product.findMany()` invocation:
2026-03-11 10:11:43: 
2026-03-11 10:11:43: 
2026-03-11 10:11:43: Error occurred during query execution:
2026-03-11 10:11:43: ConnectorError(ConnectorError { user_facing_error: None, kind: QueryError(Server(MysqlError { code: 1038, message: "Out of sort memory, consider increasing server sort buffer size", state: "HY001" })), transient: false })
